# JRE version: Java(TM) SE Runtime Environment (8.0_25-b18) (build 1.8.0_25-b18)
# Java VM: Java HotSpot(TM) 64-Bit Server VM (25.25-b02 mixed mode windows-amd64 compressed oops)
Heap:
 PSYoungGen      total 266240K, used 16157K [0x00000000d5d00000, 0x00000000ea780000, 0x0000000100000000)
  eden space 253952K, 2% used [0x00000000d5d00000,0x00000000d641e800,0x00000000e5500000)
  from space 12288K, 72% used [0x00000000e6100000,0x00000000e69a8e78,0x00000000e6d00000)
  to   space 12288K, 0% used [0x00000000e5500000,0x00000000e5500000,0x00000000e6100000)
 ParOldGen       total 65024K, used 18149K [0x0000000081600000, 0x0000000085580000, 0x00000000d5d00000)
  object space 65024K, 27% used [0x0000000081600000,0x00000000827b9698,0x0000000085580000)
 Metaspace       used 32361K, capacity 33146K, committed 33408K, reserved 1077248K
  class space    used 4481K, capacity 4639K, committed 4736K, reserved 1048576K
GC Heap History (10 events):
Event: 298.892 GC heap before
{Heap before GC invocations=11 (full 2):
 PSYoungGen      total 207360K, used 8608K [0x00000000d5d00000, 0x00000000e6880000, 0x0000000100000000)
  eden space 198656K, 0% used [0x00000000d5d00000,0x00000000d5d00000,0x00000000e1f00000)
  from space 8704K, 98% used [0x00000000e5a80000,0x00000000e62e8108,0x00000000e6300000)
  to   space 5632K, 0% used [0x00000000e6300000,0x00000000e6300000,0x00000000e6880000)
 ParOldGen       total 65024K, used 12059K [0x0000000081600000, 0x0000000085580000, 0x00000000d5d00000)
  object space 65024K, 18% used [0x0000000081600000,0x00000000821c6eb8,0x0000000085580000)
 Metaspace       used 31829K, capacity 32328K, committed 32512K, reserved 1077248K
  class space    used 4384K, capacity 4504K, committed 4608K, reserved 1048576K
Event: 298.980 GC heap after
Heap after GC invocations=11 (full 2):
 PSYoungGen      total 207360K, used 0K [0x00000000d5d00000, 0x00000000e6880000, 0x0000000100000000)
  eden space 198656K, 0% used [0x00000000d5d00000,0x00000000d5d00000,0x00000000e1f00000)
  from space 8704K, 0% used [0x00000000e5a80000,0x00000000e5a80000,0x00000000e6300000)
  to   space 5632K, 0% used [0x00000000e6300000,0x00000000e6300000,0x00000000e6880000)
 ParOldGen       total 65024K, used 18389K [0x0000000081600000, 0x0000000085580000, 0x00000000d5d00000)
  object space 65024K, 28% used [0x0000000081600000,0x00000000827f55c0,0x0000000085580000)
 Metaspace       used 31824K, capacity 32318K, committed 32512K, reserved 1077248K
  class space    used 4382K, capacity 4501K, committed 4608K, reserved 1048576K
}
Event: 300.338 GC heap before
{Heap before GC invocations=12 (full 2):
 PSYoungGen      total 207360K, used 198656K [0x00000000d5d00000, 0x00000000e6880000, 0x0000000100000000)
  eden space 198656K, 100% used [0x00000000d5d00000,0x00000000e1f00000,0x00000000e1f00000)
  from space 8704K, 0% used [0x00000000e5a80000,0x00000000e5a80000,0x00000000e6300000)
  to   space 5632K, 0% used [0x00000000e6300000,0x00000000e6300000,0x00000000e6880000)
 ParOldGen       total 65024K, used 18389K [0x0000000081600000, 0x0000000085580000, 0x00000000d5d00000)
  object space 65024K, 28% used [0x0000000081600000,0x00000000827f55c0,0x0000000085580000)
 Metaspace       used 32061K, capacity 32812K, committed 33024K, reserved 1077248K
  class space    used 4437K, capacity 4584K, committed 4608K, reserved 1048576K
Event: 300.344 GC heap after
Heap after GC invocations=12 (full 2):
 PSYoungGen      total 259584K, used 5632K [0x00000000d5d00000, 0x00000000e6c00000, 0x0000000100000000)
  eden space 253952K, 0% used [0x00000000d5d00000,0x00000000d5d00000,0x00000000e5500000)
  from space 5632K, 100% used [0x00000000e6300000,0x00000000e6880000,0x00000000e6880000)
  to   space 11776K, 0% used [0x00000000e5500000,0x00000000e5500000,0x00000000e6080000)
 ParOldGen       total 65024K, used 20667K [0x0000000081600000, 0x0000000085580000, 0x00000000d5d00000)
  object space 65024K, 31% used [0x0000000081600000,0x0000000082a2ef88,0x0000000085580000)
 Metaspace       used 32061K, capacity 32812K, committed 33024K, reserved 1077248K
  class space    used 4437K, capacity 4584K, committed 4608K, reserved 1048576K
}
Event: 404.862 GC heap before
{Heap before GC invocations=13 (full 2):
 PSYoungGen      total 259584K, used 109086K [0x00000000d5d00000, 0x00000000e6c00000, 0x0000000100000000)
  eden space 253952K, 40% used [0x00000000d5d00000,0x00000000dc207ab0,0x00000000e5500000)
  from space 5632K, 100% used [0x00000000e6300000,0x00000000e6880000,0x00000000e6880000)
  to   space 11776K, 0% used [0x00000000e5500000,0x00000000e5500000,0x00000000e6080000)
 ParOldGen       total 65024K, used 20667K [0x0000000081600000, 0x0000000085580000, 0x00000000d5d00000)
  object space 65024K, 31% used [0x0000000081600000,0x0000000082a2ef88,0x0000000085580000)
 Metaspace       used 32131K, capacity 32836K, committed 33024K, reserved 1077248K
  class space    used 4441K, capacity 4588K, committed 4608K, reserved 1048576K
Event: 404.866 GC heap after
Heap after GC invocations=13 (full 2):
 PSYoungGen      total 265728K, used 3201K [0x00000000d5d00000, 0x00000000e6d00000, 0x0000000100000000)
  eden space 253952K, 0% used [0x00000000d5d00000,0x00000000d5d00000,0x00000000e5500000)
  from space 11776K, 27% used [0x00000000e5500000,0x00000000e58204d0,0x00000000e6080000)
  to   space 12288K, 0% used [0x00000000e6100000,0x00000000e6100000,0x00000000e6d00000)
 ParOldGen       total 65024K, used 20675K [0x0000000081600000, 0x0000000085580000, 0x00000000d5d00000)
  object space 65024K, 31% used [0x0000000081600000,0x0000000082a30f88,0x0000000085580000)
 Metaspace       used 32131K, capacity 32836K, committed 33024K, reserved 1077248K
  class space    used 4441K, capacity 4588K, committed 4608K, reserved 1048576K
}
Event: 404.866 GC heap before
{Heap before GC invocations=14 (full 3):
 PSYoungGen      total 265728K, used 3201K [0x00000000d5d00000, 0x00000000e6d00000, 0x0000000100000000)
  eden space 253952K, 0% used [0x00000000d5d00000,0x00000000d5d00000,0x00000000e5500000)
  from space 11776K, 27% used [0x00000000e5500000,0x00000000e58204d0,0x00000000e6080000)
  to   space 12288K, 0% used [0x00000000e6100000,0x00000000e6100000,0x00000000e6d00000)
 ParOldGen       total 65024K, used 20675K [0x0000000081600000, 0x0000000085580000, 0x00000000d5d00000)
  object space 65024K, 31% used [0x0000000081600000,0x0000000082a30f88,0x0000000085580000)
 Metaspace       used 32131K, capacity 32836K, committed 33024K, reserved 1077248K
  class space    used 4441K, capacity 4588K, committed 4608K, reserved 1048576K
Event: 404.978 GC heap after
Heap after GC invocations=14 (full 3):
 PSYoungGen      total 265728K, used 0K [0x00000000d5d00000, 0x00000000e6d00000, 0x0000000100000000)
  eden space 253952K, 0% used [0x00000000d5d00000,0x00000000d5d00000,0x00000000e5500000)
  from space 11776K, 0% used [0x00000000e5500000,0x00000000e5500000,0x00000000e6080000)
  to   space 12288K, 0% used [0x00000000e6100000,0x00000000e6100000,0x00000000e6d00000)
 ParOldGen       total 65024K, used 18141K [0x0000000081600000, 0x0000000085580000, 0x00000000d5d00000)
  object space 65024K, 27% used [0x0000000081600000,0x00000000827b7698,0x0000000085580000)
 Metaspace       used 32131K, capacity 32836K, committed 33024K, reserved 1077248K
  class space    used 4441K, capacity 4588K, committed 4608K, reserved 1048576K
}
Event: 460.327 GC heap before
{Heap before GC invocations=15 (full 3):
 PSYoungGen      total 265728K, used 253952K [0x00000000d5d00000, 0x00000000e6d00000, 0x0000000100000000)
  eden space 253952K, 100% used [0x00000000d5d00000,0x00000000e5500000,0x00000000e5500000)
  from space 11776K, 0% used [0x00000000e5500000,0x00000000e5500000,0x00000000e6080000)
  to   space 12288K, 0% used [0x00000000e6100000,0x00000000e6100000,0x00000000e6d00000)
 ParOldGen       total 65024K, used 18141K [0x0000000081600000, 0x0000000085580000, 0x00000000d5d00000)
  object space 65024K, 27% used [0x0000000081600000,0x00000000827b7698,0x0000000085580000)
 Metaspace       used 32300K, capacity 33082K, committed 33408K, reserved 1077248K
  class space    used 4477K, capacity 4639K, committed 4736K, reserved 1048576K
Event: 460.350 GC heap after
Heap after GC invocations=15 (full 3):
 PSYoungGen      total 266240K, used 8867K [0x00000000d5d00000, 0x00000000ea780000, 0x0000000100000000)
  eden space 253952K, 0% used [0x00000000d5d00000,0x00000000d5d00000,0x00000000e5500000)
  from space 12288K, 72% used [0x00000000e6100000,0x00000000e69a8e78,0x00000000e6d00000)
  to   space 12288K, 0% used [0x00000000e5500000,0x00000000e5500000,0x00000000e6100000)
 ParOldGen       total 65024K, used 18149K [0x0000000081600000, 0x0000000085580000, 0x00000000d5d00000)
  object space 65024K, 27% used [0x0000000081600000,0x00000000827b9698,0x0000000085580000)
 Metaspace       used 32300K, capacity 33082K, committed 33408K, reserved 1077248K
  class space    used 4477K, capacity 4639K, committed 4736K, reserved 1048576K
}

