# JRE version: Java(TM) SE Runtime Environment (8.0_25-b18) (build 1.8.0_25-b18)
# Java VM: Java HotSpot(TM) 64-Bit Server VM (25.25-b02 mixed mode windows-amd64 compressed oops)
Heap:
 PSYoungGen      total 205312K, used 31643K [0x00000000d5d00000, 0x00000000e7280000, 0x0000000100000000)
  eden space 194560K, 10% used [0x00000000d5d00000,0x00000000d71d1cc0,0x00000000e1b00000)
  from space 10752K, 96% used [0x00000000e6800000,0x00000000e7215328,0x00000000e7280000)
  to   space 12288K, 0% used [0x00000000e5a80000,0x00000000e5a80000,0x00000000e6680000)
 ParOldGen       total 66048K, used 13909K [0x0000000081600000, 0x0000000085680000, 0x00000000d5d00000)
  object space 66048K, 21% used [0x0000000081600000,0x00000000823955b8,0x0000000085680000)
 Metaspace       used 28517K, capacity 28890K, committed 29184K, reserved 1075200K
  class space    used 3904K, capacity 3999K, committed 4096K, reserved 1048576K
GC Heap History (10 events):
Event: 2.040 GC heap before
{Heap before GC invocations=5 (full 0):
 PSYoungGen      total 71680K, used 71679K [0x00000000d5d00000, 0x00000000da800000, 0x0000000100000000)
  eden space 66560K, 100% used [0x00000000d5d00000,0x00000000d9e00000,0x00000000d9e00000)
  from space 5120K, 99% used [0x00000000da300000,0x00000000da7fff58,0x00000000da800000)
  to   space 5120K, 0% used [0x00000000d9e00000,0x00000000d9e00000,0x00000000da300000)
 ParOldGen       total 87552K, used 3193K [0x0000000081600000, 0x0000000086b80000, 0x00000000d5d00000)
  object space 87552K, 3% used [0x0000000081600000,0x000000008191e438,0x0000000086b80000)
 Metaspace       used 17876K, capacity 18102K, committed 18304K, reserved 1064960K
  class space    used 2356K, capacity 2415K, committed 2432K, reserved 1048576K
Event: 2.047 GC heap after
Heap after GC invocations=5 (full 0):
 PSYoungGen      total 71680K, used 5119K [0x00000000d5d00000, 0x00000000df200000, 0x0000000100000000)
  eden space 66560K, 0% used [0x00000000d5d00000,0x00000000d5d00000,0x00000000d9e00000)
  from space 5120K, 99% used [0x00000000d9e00000,0x00000000da2fff58,0x00000000da300000)
  to   space 9728K, 0% used [0x00000000de880000,0x00000000de880000,0x00000000df200000)
 ParOldGen       total 87552K, used 7643K [0x0000000081600000, 0x0000000086b80000, 0x00000000d5d00000)
  object space 87552K, 8% used [0x0000000081600000,0x0000000081d76d68,0x0000000086b80000)
 Metaspace       used 17876K, capacity 18102K, committed 18304K, reserved 1064960K
  class space    used 2356K, capacity 2415K, committed 2432K, reserved 1048576K
}
Event: 2.482 GC heap before
{Heap before GC invocations=6 (full 0):
 PSYoungGen      total 71680K, used 71679K [0x00000000d5d00000, 0x00000000df200000, 0x0000000100000000)
  eden space 66560K, 100% used [0x00000000d5d00000,0x00000000d9e00000,0x00000000d9e00000)
  from space 5120K, 99% used [0x00000000d9e00000,0x00000000da2fff58,0x00000000da300000)
  to   space 9728K, 0% used [0x00000000de880000,0x00000000de880000,0x00000000df200000)
 ParOldGen       total 87552K, used 7643K [0x0000000081600000, 0x0000000086b80000, 0x00000000d5d00000)
  object space 87552K, 8% used [0x0000000081600000,0x0000000081d76d68,0x0000000086b80000)
 Metaspace       used 20640K, capacity 20992K, committed 21120K, reserved 1067008K
  class space    used 2764K, capacity 2828K, committed 2944K, reserved 1048576K
Event: 2.491 GC heap after
Heap after GC invocations=6 (full 0):
 PSYoungGen      total 140800K, used 9719K [0x00000000d5d00000, 0x00000000df600000, 0x0000000100000000)
  eden space 131072K, 0% used [0x00000000d5d00000,0x00000000d5d00000,0x00000000ddd00000)
  from space 9728K, 99% used [0x00000000de880000,0x00000000df1fdf38,0x00000000df200000)
  to   space 11776K, 0% used [0x00000000ddd00000,0x00000000ddd00000,0x00000000de880000)
 ParOldGen       total 87552K, used 8751K [0x0000000081600000, 0x0000000086b80000, 0x00000000d5d00000)
  object space 87552K, 9% used [0x0000000081600000,0x0000000081e8bc70,0x0000000086b80000)
 Metaspace       used 20640K, capacity 20992K, committed 21120K, reserved 1067008K
  class space    used 2764K, capacity 2828K, committed 2944K, reserved 1048576K
}
Event: 2.637 GC heap before
{Heap before GC invocations=7 (full 0):
 PSYoungGen      total 140800K, used 31433K [0x00000000d5d00000, 0x00000000df600000, 0x0000000100000000)
  eden space 131072K, 16% used [0x00000000d5d00000,0x00000000d7234540,0x00000000ddd00000)
  from space 9728K, 99% used [0x00000000de880000,0x00000000df1fdf38,0x00000000df200000)
  to   space 11776K, 0% used [0x00000000ddd00000,0x00000000ddd00000,0x00000000de880000)
 ParOldGen       total 87552K, used 8751K [0x0000000081600000, 0x0000000086b80000, 0x00000000d5d00000)
  object space 87552K, 9% used [0x0000000081600000,0x0000000081e8bc70,0x0000000086b80000)
 Metaspace       used 20825K, capacity 21168K, committed 21296K, reserved 1067008K
  class space    used 2793K, capacity 2864K, committed 2944K, reserved 1048576K
Event: 2.645 GC heap after
Heap after GC invocations=7 (full 0):
 PSYoungGen      total 142848K, used 7615K [0x00000000d5d00000, 0x00000000e7300000, 0x0000000100000000)
  eden space 131072K, 0% used [0x00000000d5d00000,0x00000000d5d00000,0x00000000ddd00000)
  from space 11776K, 64% used [0x00000000ddd00000,0x00000000de46ff38,0x00000000de880000)
  to   space 11264K, 0% used [0x00000000e6800000,0x00000000e6800000,0x00000000e7300000)
 ParOldGen       total 87552K, used 10817K [0x0000000081600000, 0x0000000086b80000, 0x00000000d5d00000)
  object space 87552K, 12% used [0x0000000081600000,0x0000000082090430,0x0000000086b80000)
 Metaspace       used 20825K, capacity 21168K, committed 21296K, reserved 1067008K
  class space    used 2793K, capacity 2864K, committed 2944K, reserved 1048576K
}
Event: 2.645 GC heap before
{Heap before GC invocations=8 (full 1):
 PSYoungGen      total 142848K, used 7615K [0x00000000d5d00000, 0x00000000e7300000, 0x0000000100000000)
  eden space 131072K, 0% used [0x00000000d5d00000,0x00000000d5d00000,0x00000000ddd00000)
  from space 11776K, 64% used [0x00000000ddd00000,0x00000000de46ff38,0x00000000de880000)
  to   space 11264K, 0% used [0x00000000e6800000,0x00000000e6800000,0x00000000e7300000)
 ParOldGen       total 87552K, used 10817K [0x0000000081600000, 0x0000000086b80000, 0x00000000d5d00000)
  object space 87552K, 12% used [0x0000000081600000,0x0000000082090430,0x0000000086b80000)
 Metaspace       used 20825K, capacity 21168K, committed 21296K, reserved 1067008K
  class space    used 2793K, capacity 2864K, committed 2944K, reserved 1048576K
Event: 2.693 GC heap after
Heap after GC invocations=8 (full 1):
 PSYoungGen      total 142848K, used 0K [0x00000000d5d00000, 0x00000000e7300000, 0x0000000100000000)
  eden space 131072K, 0% used [0x00000000d5d00000,0x00000000d5d00000,0x00000000ddd00000)
  from space 11776K, 0% used [0x00000000ddd00000,0x00000000ddd00000,0x00000000de880000)
  to   space 11264K, 0% used [0x00000000e6800000,0x00000000e6800000,0x00000000e7300000)
 ParOldGen       total 66048K, used 13901K [0x0000000081600000, 0x0000000085680000, 0x00000000d5d00000)
  object space 66048K, 21% used [0x0000000081600000,0x00000000823935b8,0x0000000085680000)
 Metaspace       used 20823K, capacity 21166K, committed 21296K, reserved 1067008K
  class space    used 2792K, capacity 2863K, committed 2944K, reserved 1048576K
}
Event: 54.143 GC heap before
{Heap before GC invocations=9 (full 1):
 PSYoungGen      total 142848K, used 131072K [0x00000000d5d00000, 0x00000000e7300000, 0x0000000100000000)
  eden space 131072K, 100% used [0x00000000d5d00000,0x00000000ddd00000,0x00000000ddd00000)
  from space 11776K, 0% used [0x00000000ddd00000,0x00000000ddd00000,0x00000000de880000)
  to   space 11264K, 0% used [0x00000000e6800000,0x00000000e6800000,0x00000000e7300000)
 ParOldGen       total 66048K, used 13901K [0x0000000081600000, 0x0000000085680000, 0x00000000d5d00000)
  object space 66048K, 21% used [0x0000000081600000,0x00000000823935b8,0x0000000085680000)
 Metaspace       used 27781K, capacity 28186K, committed 28288K, reserved 1073152K
  class space    used 3825K, capacity 3935K, committed 3968K, reserved 1048576K
Event: 54.154 GC heap after
Heap after GC invocations=9 (full 1):
 PSYoungGen      total 205312K, used 10324K [0x00000000d5d00000, 0x00000000e7280000, 0x0000000100000000)
  eden space 194560K, 0% used [0x00000000d5d00000,0x00000000d5d00000,0x00000000e1b00000)
  from space 10752K, 96% used [0x00000000e6800000,0x00000000e7215328,0x00000000e7280000)
  to   space 12288K, 0% used [0x00000000e5a80000,0x00000000e5a80000,0x00000000e6680000)
 ParOldGen       total 66048K, used 13909K [0x0000000081600000, 0x0000000085680000, 0x00000000d5d00000)
  object space 66048K, 21% used [0x0000000081600000,0x00000000823955b8,0x0000000085680000)
 Metaspace       used 27781K, capacity 28186K, committed 28288K, reserved 1073152K
  class space    used 3825K, capacity 3935K, committed 3968K, reserved 1048576K
}

