# JRE version: Java(TM) SE Runtime Environment (8.0_25-b18) (build 1.8.0_25-b18)
# Java VM: Java HotSpot(TM) 64-Bit Server VM (25.25-b02 mixed mode windows-amd64 compressed oops)
Heap:
 PSYoungGen      total 212992K, used 188977K [0x00000000d5d00000, 0x00000000e7e80000, 0x0000000100000000)
  eden space 207360K, 88% used [0x00000000d5d00000,0x00000000e105c510,0x00000000e2780000)
  from space 5632K, 94% used [0x00000000e6d00000,0x00000000e7230000,0x00000000e7280000)
  to   space 11264K, 0% used [0x00000000e7380000,0x00000000e7380000,0x00000000e7e80000)
 ParOldGen       total 65536K, used 22057K [0x0000000081600000, 0x0000000085600000, 0x00000000d5d00000)
  object space 65536K, 33% used [0x0000000081600000,0x0000000082b8a778,0x0000000085600000)
 Metaspace       used 32855K, capacity 33778K, committed 34048K, reserved 1079296K
  class space    used 4552K, capacity 4767K, committed 4864K, reserved 1048576K
GC Heap History (10 events):
Event: 1380.029 GC heap before
{Heap before GC invocations=17 (full 4):
 PSYoungGen      total 257536K, used 5295K [0x00000000d5d00000, 0x00000000e9380000, 0x0000000100000000)
  eden space 244736K, 0% used [0x00000000d5d00000,0x00000000d5d00000,0x00000000e4c00000)
  from space 12800K, 41% used [0x00000000e4c00000,0x00000000e512be20,0x00000000e5880000)
  to   space 12288K, 0% used [0x00000000e8780000,0x00000000e8780000,0x00000000e9380000)
 ParOldGen       total 65536K, used 19241K [0x0000000081600000, 0x0000000085600000, 0x00000000d5d00000)
  object space 65536K, 29% used [0x0000000081600000,0x00000000828ca4a8,0x0000000085600000)
 Metaspace       used 32638K, capacity 33492K, committed 33664K, reserved 1079296K
  class space    used 4513K, capacity 4720K, committed 4736K, reserved 1048576K
Event: 1380.135 GC heap after
Heap after GC invocations=17 (full 4):
 PSYoungGen      total 257536K, used 0K [0x00000000d5d00000, 0x00000000e9380000, 0x0000000100000000)
  eden space 244736K, 0% used [0x00000000d5d00000,0x00000000d5d00000,0x00000000e4c00000)
  from space 12800K, 0% used [0x00000000e4c00000,0x00000000e4c00000,0x00000000e5880000)
  to   space 12288K, 0% used [0x00000000e8780000,0x00000000e8780000,0x00000000e9380000)
 ParOldGen       total 65536K, used 22033K [0x0000000081600000, 0x0000000085600000, 0x00000000d5d00000)
  object space 65536K, 33% used [0x0000000081600000,0x0000000082b84778,0x0000000085600000)
 Metaspace       used 32638K, capacity 33492K, committed 33664K, reserved 1079296K
  class space    used 4513K, capacity 4720K, committed 4736K, reserved 1048576K
}
Event: 1592.879 GC heap before
{Heap before GC invocations=18 (full 4):
 PSYoungGen      total 257536K, used 244736K [0x00000000d5d00000, 0x00000000e9380000, 0x0000000100000000)
  eden space 244736K, 100% used [0x00000000d5d00000,0x00000000e4c00000,0x00000000e4c00000)
  from space 12800K, 0% used [0x00000000e4c00000,0x00000000e4c00000,0x00000000e5880000)
  to   space 12288K, 0% used [0x00000000e8780000,0x00000000e8780000,0x00000000e9380000)
 ParOldGen       total 65536K, used 22033K [0x0000000081600000, 0x0000000085600000, 0x00000000d5d00000)
  object space 65536K, 33% used [0x0000000081600000,0x0000000082b84778,0x0000000085600000)
 Metaspace       used 32781K, capacity 33714K, committed 34048K, reserved 1079296K
  class space    used 4546K, capacity 4767K, committed 4864K, reserved 1048576K
Event: 1592.900 GC heap after
Heap after GC invocations=18 (full 4):
 PSYoungGen      total 242688K, used 7375K [0x00000000d5d00000, 0x00000000e8f00000, 0x0000000100000000)
  eden space 235008K, 0% used [0x00000000d5d00000,0x00000000d5d00000,0x00000000e4280000)
  from space 7680K, 96% used [0x00000000e8780000,0x00000000e8eb3e18,0x00000000e8f00000)
  to   space 11776K, 0% used [0x00000000e7800000,0x00000000e7800000,0x00000000e8380000)
 ParOldGen       total 65536K, used 22041K [0x0000000081600000, 0x0000000085600000, 0x00000000d5d00000)
  object space 65536K, 33% used [0x0000000081600000,0x0000000082b86778,0x0000000085600000)
 Metaspace       used 32781K, capacity 33714K, committed 34048K, reserved 1079296K
  class space    used 4546K, capacity 4767K, committed 4864K, reserved 1048576K
}
Event: 3075.835 GC heap before
{Heap before GC invocations=19 (full 4):
 PSYoungGen      total 242688K, used 242364K [0x00000000d5d00000, 0x00000000e8f00000, 0x0000000100000000)
  eden space 235008K, 99% used [0x00000000d5d00000,0x00000000e427b4f8,0x00000000e4280000)
  from space 7680K, 96% used [0x00000000e8780000,0x00000000e8eb3e18,0x00000000e8f00000)
  to   space 11776K, 0% used [0x00000000e7800000,0x00000000e7800000,0x00000000e8380000)
 ParOldGen       total 65536K, used 22041K [0x0000000081600000, 0x0000000085600000, 0x00000000d5d00000)
  object space 65536K, 33% used [0x0000000081600000,0x0000000082b86778,0x0000000085600000)
 Metaspace       used 32782K, capacity 33714K, committed 34048K, reserved 1079296K
  class space    used 4546K, capacity 4767K, committed 4864K, reserved 1048576K
Event: 3075.841 GC heap after
Heap after GC invocations=19 (full 4):
 PSYoungGen      total 231424K, used 5760K [0x00000000d5d00000, 0x00000000e8800000, 0x0000000100000000)
  eden space 225280K, 0% used [0x00000000d5d00000,0x00000000d5d00000,0x00000000e3900000)
  from space 6144K, 93% used [0x00000000e7800000,0x00000000e7da0000,0x00000000e7e00000)
  to   space 10240K, 0% used [0x00000000e7e00000,0x00000000e7e00000,0x00000000e8800000)
 ParOldGen       total 65536K, used 22049K [0x0000000081600000, 0x0000000085600000, 0x00000000d5d00000)
  object space 65536K, 33% used [0x0000000081600000,0x0000000082b88778,0x0000000085600000)
 Metaspace       used 32782K, capacity 33714K, committed 34048K, reserved 1079296K
  class space    used 4546K, capacity 4767K, committed 4864K, reserved 1048576K
}
Event: 4678.465 GC heap before
{Heap before GC invocations=20 (full 4):
 PSYoungGen      total 231424K, used 231040K [0x00000000d5d00000, 0x00000000e8800000, 0x0000000100000000)
  eden space 225280K, 100% used [0x00000000d5d00000,0x00000000e3900000,0x00000000e3900000)
  from space 6144K, 93% used [0x00000000e7800000,0x00000000e7da0000,0x00000000e7e00000)
  to   space 10240K, 0% used [0x00000000e7e00000,0x00000000e7e00000,0x00000000e8800000)
 ParOldGen       total 65536K, used 22049K [0x0000000081600000, 0x0000000085600000, 0x00000000d5d00000)
  object space 65536K, 33% used [0x0000000081600000,0x0000000082b88778,0x0000000085600000)
 Metaspace       used 32782K, capacity 33714K, committed 34048K, reserved 1079296K
  class space    used 4546K, capacity 4767K, committed 4864K, reserved 1048576K
Event: 4678.480 GC heap after
Heap after GC invocations=20 (full 4):
 PSYoungGen      total 222208K, used 5792K [0x00000000d5d00000, 0x00000000e8400000, 0x0000000100000000)
  eden space 216064K, 0% used [0x00000000d5d00000,0x00000000d5d00000,0x00000000e3000000)
  from space 6144K, 94% used [0x00000000e7e00000,0x00000000e83a8000,0x00000000e8400000)
  to   space 11776K, 0% used [0x00000000e6d00000,0x00000000e6d00000,0x00000000e7880000)
 ParOldGen       total 65536K, used 22057K [0x0000000081600000, 0x0000000085600000, 0x00000000d5d00000)
  object space 65536K, 33% used [0x0000000081600000,0x0000000082b8a778,0x0000000085600000)
 Metaspace       used 32782K, capacity 33714K, committed 34048K, reserved 1079296K
  class space    used 4546K, capacity 4767K, committed 4864K, reserved 1048576K
}
Event: 6383.175 GC heap before
{Heap before GC invocations=21 (full 4):
 PSYoungGen      total 222208K, used 221856K [0x00000000d5d00000, 0x00000000e8400000, 0x0000000100000000)
  eden space 216064K, 100% used [0x00000000d5d00000,0x00000000e3000000,0x00000000e3000000)
  from space 6144K, 94% used [0x00000000e7e00000,0x00000000e83a8000,0x00000000e8400000)
  to   space 11776K, 0% used [0x00000000e6d00000,0x00000000e6d00000,0x00000000e7880000)
 ParOldGen       total 65536K, used 22057K [0x0000000081600000, 0x0000000085600000, 0x00000000d5d00000)
  object space 65536K, 33% used [0x0000000081600000,0x0000000082b8a778,0x0000000085600000)
 Metaspace       used 32782K, capacity 33714K, committed 34048K, reserved 1079296K
  class space    used 4546K, capacity 4767K, committed 4864K, reserved 1048576K
Event: 6383.190 GC heap after
Heap after GC invocations=21 (full 4):
 PSYoungGen      total 212992K, used 5312K [0x00000000d5d00000, 0x00000000e7e80000, 0x0000000100000000)
  eden space 207360K, 0% used [0x00000000d5d00000,0x00000000d5d00000,0x00000000e2780000)
  from space 5632K, 94% used [0x00000000e6d00000,0x00000000e7230000,0x00000000e7280000)
  to   space 11264K, 0% used [0x00000000e7380000,0x00000000e7380000,0x00000000e7e80000)
 ParOldGen       total 65536K, used 22057K [0x0000000081600000, 0x0000000085600000, 0x00000000d5d00000)
  object space 65536K, 33% used [0x0000000081600000,0x0000000082b8a778,0x0000000085600000)
 Metaspace       used 32782K, capacity 33714K, committed 34048K, reserved 1079296K
  class space    used 4546K, capacity 4767K, committed 4864K, reserved 1048576K
}

